0 info it worked if it ends with ok
1 verbose cli [ '/usr/local/Cellar/node/6.3.1/bin/node',
1 verbose cli   '/usr/local/bin/npm',
1 verbose cli   'run',
1 verbose cli   'build' ]
2 info using npm@3.10.3
3 info using node@v6.3.1
4 verbose run-script [ 'prebuild', 'build', 'postbuild' ]
5 info lifecycle react-redux-router-firebase@1.0.0~prebuild: react-redux-router-firebase@1.0.0
6 silly lifecycle react-redux-router-firebase@1.0.0~prebuild: no script for prebuild, continuing
7 info lifecycle react-redux-router-firebase@1.0.0~build: react-redux-router-firebase@1.0.0
8 verbose lifecycle react-redux-router-firebase@1.0.0~build: unsafe-perm in lifecycle true
9 verbose lifecycle react-redux-router-firebase@1.0.0~build: PATH: /usr/local/lib/node_modules/npm/bin/node-gyp-bin:/Users/PabloSz/Documents/SheetLibrarysz/node_modules/.bin:/usr/local/Cellar/node/6.3.1/bin:/Library/Frameworks/Python.framework/Versions/3.5/bin:/Library/Frameworks/Python.framework/Versions/3.5/bin:/Library/Frameworks/Python.framework/Versions/2.7/bin:/usr/local/bin:/usr/local/mysql/bin:/usr/local/bin:/usr/bin:/bin:/usr/sbin:/sbin:/opt/X11/bin:/usr/local/go/bin:/Library/Frameworks/Mono.framework/Versions/Current/Commands:/Users/PabloSz/.rvm/bin:/Users/PabloSz/Library/Android/sdk/tools:/Users/PabloSz/Library/Android/sdk/platform-tools
10 verbose lifecycle react-redux-router-firebase@1.0.0~build: CWD: /Users/PabloSz/Documents/SheetLibrarysz
11 silly lifecycle react-redux-router-firebase@1.0.0~build: Args: [ '-c', 'react-scripts build' ]
12 silly lifecycle react-redux-router-firebase@1.0.0~build: Returned: code: 1  signal: null
13 info lifecycle react-redux-router-firebase@1.0.0~build: Failed to exec build script
14 verbose stack Error: react-redux-router-firebase@1.0.0 build: `react-scripts build`
14 verbose stack Exit status 1
14 verbose stack     at EventEmitter.<anonymous> (/usr/local/lib/node_modules/npm/lib/utils/lifecycle.js:242:16)
14 verbose stack     at emitTwo (events.js:106:13)
14 verbose stack     at EventEmitter.emit (events.js:191:7)
14 verbose stack     at ChildProcess.<anonymous> (/usr/local/lib/node_modules/npm/lib/utils/spawn.js:40:14)
14 verbose stack     at emitTwo (events.js:106:13)
14 verbose stack     at ChildProcess.emit (events.js:191:7)
14 verbose stack     at maybeClose (internal/child_process.js:852:16)
14 verbose stack     at Process.ChildProcess._handle.onexit (internal/child_process.js:215:5)
15 verbose pkgid react-redux-router-firebase@1.0.0
16 verbose cwd /Users/PabloSz/Documents/SheetLibrarysz
17 error Darwin 16.4.0
18 error argv "/usr/local/Cellar/node/6.3.1/bin/node" "/usr/local/bin/npm" "run" "build"
19 error node v6.3.1
20 error npm  v3.10.3
21 error code ELIFECYCLE
22 error react-redux-router-firebase@1.0.0 build: `react-scripts build`
22 error Exit status 1
23 error Failed at the react-redux-router-firebase@1.0.0 build script 'react-scripts build'.
23 error Make sure you have the latest version of node.js and npm installed.
23 error If you do, this is most likely a problem with the react-redux-router-firebase package,
23 error not with npm itself.
23 error Tell the author that this fails on your system:
23 error     react-scripts build
23 error You can get information on how to open an issue for this project with:
23 error     npm bugs react-redux-router-firebase
23 error Or if that isn't available, you can get their info via:
23 error     npm owner ls react-redux-router-firebase
23 error There is likely additional logging output above.
24 verbose exit [ 1, true ]
